<?xml version="1.0" encoding="UTF-8"?>
<testng-results skipped="0" failed="0" ignored="0" total="1" passed="1">
  <reporter-output>
  </reporter-output>
  <suite name="Default suite" duration-ms="29164" started-at="2017-10-07T22:31:45Z" finished-at="2017-10-07T22:32:14Z">
    <groups>
    </groups>
    <test name="Default test" duration-ms="29164" started-at="2017-10-07T22:31:45Z" finished-at="2017-10-07T22:32:14Z">
      <class name="com.Browserlogin.InvokeBrowser">
        <test-method status="PASS" signature="ffbrowser()[pri:0, instance:com.Browserlogin.InvokeBrowser@4cc0edeb]" name="ffbrowser" duration-ms="29094" started-at="2017-10-07T23:31:45Z" finished-at="2017-10-07T23:32:14Z">
          <reporter-output>
          </reporter-output>
        </test-method> <!-- ffbrowser -->
      </class> <!-- com.Browserlogin.InvokeBrowser -->
    </test> <!-- Default test -->
  </suite> <!-- Default suite -->
</testng-results>
